[debug] [2021-01-27T14:58:34.040Z] ----------------------------------------------------------------------
[debug] [2021-01-27T14:58:34.044Z] Command:       C:\Program Files\nodejs\node.exe C:\Users\ahmed\AppData\Roaming\npm\node_modules\firebase-tools\lib\bin\firebase.js init
[debug] [2021-01-27T14:58:34.045Z] CLI Version:   8.18.0
[debug] [2021-01-27T14:58:34.045Z] Platform:      win32
[debug] [2021-01-27T14:58:34.045Z] Node Version:  v12.18.2
[debug] [2021-01-27T14:58:34.051Z] Time:          Wed Jan 27 2021 19:58:34 GMT+0500 (Pakistan Standard Time)
[debug] [2021-01-27T14:58:34.051Z] ----------------------------------------------------------------------
[debug] [2021-01-27T14:58:34.051Z] 
[debug] [2021-01-27T14:58:34.055Z] >>> [apiv2][query] GET https://firebase-public.firebaseio.com/cli.json [none]
[debug] [2021-01-27T14:58:34.077Z] > command requires scopes: ["email","openid","https://www.googleapis.com/auth/cloudplatformprojects.readonly","https://www.googleapis.com/auth/firebase","https://www.googleapis.com/auth/cloud-platform"]
[debug] [2021-01-27T14:58:34.078Z] > authorizing via signed-in user
[info] 
     ######## #### ########  ######## ########     ###     ######  ########
     ##        ##  ##     ## ##       ##     ##  ##   ##  ##       ##
     ######    ##  ########  ######   ########  #########  ######  ######
     ##        ##  ##    ##  ##       ##     ## ##     ##       ## ##
     ##       #### ##     ## ######## ########  ##     ##  ######  ########

You're about to initialize a Firebase project in this directory:

  H:\Git\Twitter\twitter

[debug] [2021-01-27T14:58:35.708Z] <<< [apiv2][status] GET https://firebase-public.firebaseio.com/cli.json 200
[debug] [2021-01-27T14:58:35.709Z] <<< [apiv2][body] GET https://firebase-public.firebaseio.com/cli.json {"cloudBuildErrorAfter":1594252800000,"cloudBuildWarnAfter":1590019200000,"defaultNode10After":1594252800000,"minVersion":"3.0.5","node8DeploysDisabledAfter":1613390400000,"node8RuntimeDisabledAfter":1615809600000,"node8WarnAfter":1600128000000}
[debug] [2021-01-27T14:59:53.858Z] ----------------------------------------------------------------------
[debug] [2021-01-27T14:59:53.860Z] Command:       C:\Program Files\nodejs\node.exe C:\Users\ahmed\AppData\Roaming\npm\node_modules\firebase-tools\lib\bin\firebase.js init
[debug] [2021-01-27T14:59:53.860Z] CLI Version:   8.18.0
[debug] [2021-01-27T14:59:53.861Z] Platform:      win32
[debug] [2021-01-27T14:59:53.861Z] Node Version:  v12.18.2
[debug] [2021-01-27T14:59:53.862Z] Time:          Wed Jan 27 2021 19:59:53 GMT+0500 (Pakistan Standard Time)
[debug] [2021-01-27T14:59:53.862Z] ----------------------------------------------------------------------
[debug] [2021-01-27T14:59:53.862Z] 
[debug] [2021-01-27T14:59:53.869Z] > command requires scopes: ["email","openid","https://www.googleapis.com/auth/cloudplatformprojects.readonly","https://www.googleapis.com/auth/firebase","https://www.googleapis.com/auth/cloud-platform"]
[debug] [2021-01-27T14:59:53.869Z] > authorizing via signed-in user
[info] 
     ######## #### ########  ######## ########     ###     ######  ########
     ##        ##  ##     ## ##       ##     ##  ##   ##  ##       ##
     ######    ##  ########  ######   ########  #########  ######  ######
     ##        ##  ##    ##  ##       ##     ## ##     ##       ## ##
     ##       #### ##     ## ######## ########  ##     ##  ######  ########

You're about to initialize a Firebase project in this directory:

  H:\Git\Twitter\twitter

